1611865757241	geckodriver	INFO	Listening on 127.0.0.1:60998
1611865760269	mozrunner::runner	INFO	Running command: "C:\\Program Files\\Mozilla Firefox\\firefox.exe" "--marionette" "-headless" "-foreground" "-no-remote" "-profile" "C:\\Users\\oumas\\AppData\\Local\\Temp\\rust_mozprofileW1ivut"
*** You are running in headless mode.
JavaScript error: resource://gre/modules/XULStore.jsm, line 66: Error: Can't find profile directory.
console.warn: SearchSettings: "get: No settings file exists, new profile?" (new Error("", "(unknown module)"))
1611865761563	Marionette	INFO	Listening on port 61007
1611865761791	Marionette	WARN	TLS certificate errors will be ignored for this session
1611865761815	Marionette	INFO	Stopped listening on port 61007
JavaScript error: resource://activity-stream/lib/ASRouter.jsm, line 987: NS_ERROR_ILLEGAL_VALUE: Component returned failure code: 0x80070057 (NS_ERROR_ILLEGAL_VALUE) [nsIObserverService.removeObserver]
console.error: Region.jsm: "Error fetching region" (new TypeError("NetworkError when attempting to fetch resource.", ""))
console.error: Region.jsm: "Failed to fetch region" (new Error("NO_RESULT", "resource://gre/modules/Region.jsm", 376))
1611865808656	geckodriver	INFO	Listening on 127.0.0.1:61260
1611865811700	mozrunner::runner	INFO	Running command: "C:\\Program Files\\Mozilla Firefox\\firefox.exe" "--marionette" "-headless" "-foreground" "-no-remote" "-profile" "C:\\Users\\oumas\\AppData\\Local\\Temp\\rust_mozprofileI6jTN1"
*** You are running in headless mode.
JavaScript error: resource://gre/modules/XULStore.jsm, line 66: Error: Can't find profile directory.
console.warn: SearchSettings: "get: No settings file exists, new profile?" (new Error("", "(unknown module)"))
1611865813003	Marionette	INFO	Listening on port 61270
1611865813219	Marionette	WARN	TLS certificate errors will be ignored for this session
1611865813247	Marionette	INFO	Stopped listening on port 61270
JavaScript error: resource://activity-stream/lib/ASRouter.jsm, line 987: NS_ERROR_ILLEGAL_VALUE: Component returned failure code: 0x80070057 (NS_ERROR_ILLEGAL_VALUE) [nsIObserverService.removeObserver]
